<component name="libraryTable">
  <library name="junit-4.6">
    <CLASSES>
      <root url="jar://$PROJECT_DIR$/src/llibraries/junit-4.6.jar!/" />
      <root url="jar://$PROJECT_DIR$/src/llibraries/jgoodies-looks-2.4.1.jar!/" />
      <root url="jar://$PROJECT_DIR$/src/llibraries/jgoodies-common-1.2.0.jar!/" />
      <root url="jar://$PROJECT_DIR$/src/llibraries/jcalendar-1.4.jar!/" />
    </CLASSES>
    <JAVADOC />
    <SOURCES>
      <root url="file://$PROJECT_DIR$/src" />
    </SOURCES>
  </library>
</component>